[24-Jun-2025 12:39:15 UTC] PHP Fatal error:  Uncaught Error: Call to undefined method OVB_iCal_Service::fetch_and_import() in /Applications/MAMP/htdocs/optimus-vox/wp-content/plugins/ov-booking/includes/ical/ical-init.php:56
Stack trace:
#0 /Applications/MAMP/htdocs/optimus-vox/wp-includes/class-wp-hook.php(324): {closure}()
#1 /Applications/MAMP/htdocs/optimus-vox/wp-includes/class-wp-hook.php(348): WP_Hook->apply_filters('', Array)
#2 /Applications/MAMP/htdocs/optimus-vox/wp-includes/plugin.php(565): WP_Hook->do_action(Array)
#3 /Applications/MAMP/htdocs/optimus-vox/wp-cron.php(191): do_action_ref_array('ovb_ical_import', Array)
#4 {main}
  thrown in /Applications/MAMP/htdocs/optimus-vox/wp-content/plugins/ov-booking/includes/ical/ical-init.php on line 56
[24-Jun-2025 12:48:50 UTC] PHP Fatal error:  Uncaught Error: Call to undefined method OVB_iCal_Service::fetch_and_import() in /Applications/MAMP/htdocs/optimus-vox/wp-content/plugins/ov-booking/includes/ical/ical-init.php:56
Stack trace:
#0 /Applications/MAMP/htdocs/optimus-vox/wp-includes/class-wp-hook.php(324): {closure}()
#1 /Applications/MAMP/htdocs/optimus-vox/wp-includes/class-wp-hook.php(348): WP_Hook->apply_filters('', Array)
#2 /Applications/MAMP/htdocs/optimus-vox/wp-includes/plugin.php(565): WP_Hook->do_action(Array)
#3 /Applications/MAMP/htdocs/optimus-vox/wp-cron.php(191): do_action_ref_array('ovb_ical_import', Array)
#4 {main}
  thrown in /Applications/MAMP/htdocs/optimus-vox/wp-content/plugins/ov-booking/includes/ical/ical-init.php on line 56
[24-Jun-2025 12:54:58 UTC] PHP Fatal error:  Uncaught Error: Call to undefined method OVB_iCal_Service::fetch_and_import() in /Applications/MAMP/htdocs/optimus-vox/wp-content/plugins/ov-booking/includes/ical/ical-init.php:56
Stack trace:
#0 /Applications/MAMP/htdocs/optimus-vox/wp-includes/class-wp-hook.php(324): {closure}()
#1 /Applications/MAMP/htdocs/optimus-vox/wp-includes/class-wp-hook.php(348): WP_Hook->apply_filters('', Array)
#2 /Applications/MAMP/htdocs/optimus-vox/wp-includes/plugin.php(565): WP_Hook->do_action(Array)
#3 /Applications/MAMP/htdocs/optimus-vox/wp-cron.php(191): do_action_ref_array('ovb_ical_import', Array)
#4 {main}
  thrown in /Applications/MAMP/htdocs/optimus-vox/wp-content/plugins/ov-booking/includes/ical/ical-init.php on line 56
[24-Jun-2025 13:11:37 UTC] PHP Fatal error:  Uncaught Error: Call to undefined method OVB_iCal_Service::fetch_and_import() in /Applications/MAMP/htdocs/optimus-vox/wp-content/plugins/ov-booking/includes/ical/ical-init.php:56
Stack trace:
#0 /Applications/MAMP/htdocs/optimus-vox/wp-includes/class-wp-hook.php(324): {closure}()
#1 /Applications/MAMP/htdocs/optimus-vox/wp-includes/class-wp-hook.php(348): WP_Hook->apply_filters('', Array)
#2 /Applications/MAMP/htdocs/optimus-vox/wp-includes/plugin.php(565): WP_Hook->do_action(Array)
#3 /Applications/MAMP/htdocs/optimus-vox/wp-cron.php(191): do_action_ref_array('ovb_ical_import', Array)
#4 {main}
  thrown in /Applications/MAMP/htdocs/optimus-vox/wp-content/plugins/ov-booking/includes/ical/ical-init.php on line 56
[24-Jun-2025 13:22:08 UTC] PHP Fatal error:  Uncaught Error: Call to undefined method OVB_iCal_Service::fetch_and_import() in /Applications/MAMP/htdocs/optimus-vox/wp-content/plugins/ov-booking/includes/ical/ical-init.php:56
Stack trace:
#0 /Applications/MAMP/htdocs/optimus-vox/wp-includes/class-wp-hook.php(324): {closure}()
#1 /Applications/MAMP/htdocs/optimus-vox/wp-includes/class-wp-hook.php(348): WP_Hook->apply_filters('', Array)
#2 /Applications/MAMP/htdocs/optimus-vox/wp-includes/plugin.php(565): WP_Hook->do_action(Array)
#3 /Applications/MAMP/htdocs/optimus-vox/wp-cron.php(191): do_action_ref_array('ovb_ical_import', Array)
#4 {main}
  thrown in /Applications/MAMP/htdocs/optimus-vox/wp-content/plugins/ov-booking/includes/ical/ical-init.php on line 56
[24-Jun-2025 13:31:15 UTC] PHP Warning:  Undefined variable $order_button_text in /Applications/MAMP/htdocs/optimus-vox/wp-content/plugins/woocommerce/templates/checkout/payment.php on line 53
[24-Jun-2025 13:31:15 UTC] PHP Warning:  Undefined variable $order_button_text in /Applications/MAMP/htdocs/optimus-vox/wp-content/plugins/woocommerce/templates/checkout/payment.php on line 53
[24-Jun-2025 13:31:15 UTC] PHP Warning:  Undefined variable $order_button_text in /Applications/MAMP/htdocs/optimus-vox/wp-content/plugins/woocommerce/templates/checkout/payment.php on line 53
[24-Jun-2025 13:33:05 UTC] PHP Warning:  Undefined variable $order_button_text in /Applications/MAMP/htdocs/optimus-vox/wp-content/plugins/woocommerce/templates/checkout/payment.php on line 53
[24-Jun-2025 13:33:05 UTC] PHP Warning:  Undefined variable $order_button_text in /Applications/MAMP/htdocs/optimus-vox/wp-content/plugins/woocommerce/templates/checkout/payment.php on line 53
[24-Jun-2025 13:33:05 UTC] PHP Warning:  Undefined variable $order_button_text in /Applications/MAMP/htdocs/optimus-vox/wp-content/plugins/woocommerce/templates/checkout/payment.php on line 53
[24-Jun-2025 13:47:50 UTC] PHP Fatal error:  Uncaught Error: Call to undefined method OVB_iCal_Service::fetch_and_import() in /Applications/MAMP/htdocs/optimus-vox/wp-content/plugins/ov-booking/includes/ical/ical-init.php:56
Stack trace:
#0 /Applications/MAMP/htdocs/optimus-vox/wp-includes/class-wp-hook.php(324): {closure}()
#1 /Applications/MAMP/htdocs/optimus-vox/wp-includes/class-wp-hook.php(348): WP_Hook->apply_filters('', Array)
#2 /Applications/MAMP/htdocs/optimus-vox/wp-includes/plugin.php(565): WP_Hook->do_action(Array)
#3 /Applications/MAMP/htdocs/optimus-vox/wp-cron.php(191): do_action_ref_array('ovb_ical_import', Array)
#4 {main}
  thrown in /Applications/MAMP/htdocs/optimus-vox/wp-content/plugins/ov-booking/includes/ical/ical-init.php on line 56
[24-Jun-2025 13:48:30 UTC] PHP Warning:  Undefined variable $order_button_text in /Applications/MAMP/htdocs/optimus-vox/wp-content/plugins/woocommerce/templates/checkout/payment.php on line 53
[24-Jun-2025 13:48:30 UTC] PHP Warning:  Undefined variable $order_button_text in /Applications/MAMP/htdocs/optimus-vox/wp-content/plugins/woocommerce/templates/checkout/payment.php on line 53
[24-Jun-2025 13:48:30 UTC] PHP Warning:  Undefined variable $order_button_text in /Applications/MAMP/htdocs/optimus-vox/wp-content/plugins/woocommerce/templates/checkout/payment.php on line 53
[24-Jun-2025 13:48:35 UTC] PHP Warning:  Undefined variable $order_button_text in /Applications/MAMP/htdocs/optimus-vox/wp-content/plugins/woocommerce/templates/checkout/payment.php on line 53
[24-Jun-2025 13:48:35 UTC] PHP Warning:  Undefined variable $order_button_text in /Applications/MAMP/htdocs/optimus-vox/wp-content/plugins/woocommerce/templates/checkout/payment.php on line 53
[24-Jun-2025 13:48:35 UTC] PHP Warning:  Undefined variable $order_button_text in /Applications/MAMP/htdocs/optimus-vox/wp-content/plugins/woocommerce/templates/checkout/payment.php on line 53
[24-Jun-2025 13:49:55 UTC] PHP Warning:  Undefined variable $order_button_text in /Applications/MAMP/htdocs/optimus-vox/wp-content/plugins/woocommerce/templates/checkout/payment.php on line 53
[24-Jun-2025 13:49:55 UTC] PHP Warning:  Undefined variable $order_button_text in /Applications/MAMP/htdocs/optimus-vox/wp-content/plugins/woocommerce/templates/checkout/payment.php on line 53
[24-Jun-2025 13:49:55 UTC] PHP Warning:  Undefined variable $order_button_text in /Applications/MAMP/htdocs/optimus-vox/wp-content/plugins/woocommerce/templates/checkout/payment.php on line 53
[24-Jun-2025 13:50:34 UTC] PHP Warning:  Undefined variable $order_button_text in /Applications/MAMP/htdocs/optimus-vox/wp-content/plugins/woocommerce/templates/checkout/payment.php on line 53
[24-Jun-2025 13:50:34 UTC] PHP Warning:  Undefined variable $order_button_text in /Applications/MAMP/htdocs/optimus-vox/wp-content/plugins/woocommerce/templates/checkout/payment.php on line 53
[24-Jun-2025 13:50:34 UTC] PHP Warning:  Undefined variable $order_button_text in /Applications/MAMP/htdocs/optimus-vox/wp-content/plugins/woocommerce/templates/checkout/payment.php on line 53
[24-Jun-2025 14:38:06 UTC] PHP Fatal error:  Uncaught Error: Call to undefined method OVB_iCal_Service::fetch_and_import() in /Applications/MAMP/htdocs/optimus-vox/wp-content/plugins/ov-booking/includes/ical/ical-init.php:56
Stack trace:
#0 /Applications/MAMP/htdocs/optimus-vox/wp-includes/class-wp-hook.php(324): {closure}()
#1 /Applications/MAMP/htdocs/optimus-vox/wp-includes/class-wp-hook.php(348): WP_Hook->apply_filters('', Array)
#2 /Applications/MAMP/htdocs/optimus-vox/wp-includes/plugin.php(565): WP_Hook->do_action(Array)
#3 /Applications/MAMP/htdocs/optimus-vox/wp-cron.php(191): do_action_ref_array('ovb_ical_import', Array)
#4 {main}
  thrown in /Applications/MAMP/htdocs/optimus-vox/wp-content/plugins/ov-booking/includes/ical/ical-init.php on line 56
[24-Jun-2025 14:41:24 UTC] PHP Warning:  Undefined variable $order_button_text in /Applications/MAMP/htdocs/optimus-vox/wp-content/plugins/woocommerce/templates/checkout/payment.php on line 53
[24-Jun-2025 14:41:24 UTC] PHP Warning:  Undefined variable $order_button_text in /Applications/MAMP/htdocs/optimus-vox/wp-content/plugins/woocommerce/templates/checkout/payment.php on line 53
[24-Jun-2025 14:41:24 UTC] PHP Warning:  Undefined variable $order_button_text in /Applications/MAMP/htdocs/optimus-vox/wp-content/plugins/woocommerce/templates/checkout/payment.php on line 53
[24-Jun-2025 14:41:37 UTC] PHP Warning:  Undefined variable $order_button_text in /Applications/MAMP/htdocs/optimus-vox/wp-content/plugins/woocommerce/templates/checkout/payment.php on line 53
[24-Jun-2025 14:41:37 UTC] PHP Warning:  Undefined variable $order_button_text in /Applications/MAMP/htdocs/optimus-vox/wp-content/plugins/woocommerce/templates/checkout/payment.php on line 53
[24-Jun-2025 14:41:37 UTC] PHP Warning:  Undefined variable $order_button_text in /Applications/MAMP/htdocs/optimus-vox/wp-content/plugins/woocommerce/templates/checkout/payment.php on line 53
[25-Jun-2025 08:06:01 UTC] PHP Fatal error:  Uncaught Error: Call to undefined method OVB_iCal_Service::fetch_and_import() in /Applications/MAMP/htdocs/optimus-vox/wp-content/plugins/ov-booking/includes/ical/ical-init.php:56
Stack trace:
#0 /Applications/MAMP/htdocs/optimus-vox/wp-includes/class-wp-hook.php(324): {closure}()
#1 /Applications/MAMP/htdocs/optimus-vox/wp-includes/class-wp-hook.php(348): WP_Hook->apply_filters('', Array)
#2 /Applications/MAMP/htdocs/optimus-vox/wp-includes/plugin.php(565): WP_Hook->do_action(Array)
#3 /Applications/MAMP/htdocs/optimus-vox/wp-cron.php(191): do_action_ref_array('ovb_ical_import', Array)
#4 {main}
  thrown in /Applications/MAMP/htdocs/optimus-vox/wp-content/plugins/ov-booking/includes/ical/ical-init.php on line 56
[25-Jun-2025 14:28:23 UTC] PHP Warning:  Undefined variable $order_button_text in /Applications/MAMP/htdocs/optimus-vox/wp-content/plugins/woocommerce/templates/checkout/payment.php on line 53
[25-Jun-2025 14:28:23 UTC] PHP Warning:  Undefined variable $order_button_text in /Applications/MAMP/htdocs/optimus-vox/wp-content/plugins/woocommerce/templates/checkout/payment.php on line 53
[25-Jun-2025 14:28:23 UTC] PHP Warning:  Undefined variable $order_button_text in /Applications/MAMP/htdocs/optimus-vox/wp-content/plugins/woocommerce/templates/checkout/payment.php on line 53
[25-Jun-2025 14:31:54 UTC] PHP Parse error:  syntax error, unexpected single-quoted string "checkoutUrl", expecting "]" in /Applications/MAMP/htdocs/optimus-vox/wp-content/plugins/ov-booking/includes/frontend/scripts.php on line 115
[25-Jun-2025 14:40:35 UTC] PHP Fatal error:  Uncaught Error: Call to undefined method OVB_iCal_Service::fetch_and_import() in /Applications/MAMP/htdocs/optimus-vox/wp-content/plugins/ov-booking/includes/ical/ical-init.php:56
Stack trace:
#0 /Applications/MAMP/htdocs/optimus-vox/wp-includes/class-wp-hook.php(324): {closure}()
#1 /Applications/MAMP/htdocs/optimus-vox/wp-includes/class-wp-hook.php(348): WP_Hook->apply_filters('', Array)
#2 /Applications/MAMP/htdocs/optimus-vox/wp-includes/plugin.php(565): WP_Hook->do_action(Array)
#3 /Applications/MAMP/htdocs/optimus-vox/wp-cron.php(191): do_action_ref_array('ovb_ical_import', Array)
#4 {main}
  thrown in /Applications/MAMP/htdocs/optimus-vox/wp-content/plugins/ov-booking/includes/ical/ical-init.php on line 56
[25-Jun-2025 15:09:44 UTC] PHP Fatal error:  Uncaught Error: Call to undefined method OVB_iCal_Service::fetch_and_import() in /Applications/MAMP/htdocs/optimus-vox/wp-content/plugins/ov-booking/includes/ical/ical-init.php:56
Stack trace:
#0 /Applications/MAMP/htdocs/optimus-vox/wp-includes/class-wp-hook.php(324): {closure}()
#1 /Applications/MAMP/htdocs/optimus-vox/wp-includes/class-wp-hook.php(348): WP_Hook->apply_filters('', Array)
#2 /Applications/MAMP/htdocs/optimus-vox/wp-includes/plugin.php(565): WP_Hook->do_action(Array)
#3 /Applications/MAMP/htdocs/optimus-vox/wp-cron.php(191): do_action_ref_array('ovb_ical_import', Array)
#4 {main}
  thrown in /Applications/MAMP/htdocs/optimus-vox/wp-content/plugins/ov-booking/includes/ical/ical-init.php on line 56
[26-Jun-2025 09:32:41 UTC] PHP Fatal error:  Uncaught Error: Call to undefined method OVB_iCal_Service::fetch_and_import() in /Applications/MAMP/htdocs/optimus-vox/wp-content/plugins/ov-booking/includes/ical/ical-init.php:56
Stack trace:
#0 /Applications/MAMP/htdocs/optimus-vox/wp-includes/class-wp-hook.php(324): {closure}()
#1 /Applications/MAMP/htdocs/optimus-vox/wp-includes/class-wp-hook.php(348): WP_Hook->apply_filters('', Array)
#2 /Applications/MAMP/htdocs/optimus-vox/wp-includes/plugin.php(565): WP_Hook->do_action(Array)
#3 /Applications/MAMP/htdocs/optimus-vox/wp-cron.php(191): do_action_ref_array('ovb_ical_import', Array)
#4 {main}
  thrown in /Applications/MAMP/htdocs/optimus-vox/wp-content/plugins/ov-booking/includes/ical/ical-init.php on line 56
